#
# A fatal error has been detected by the Java Runtime Environment:
#
#  Internal Error (./open/src/hotspot/share/interpreter/oopMapCache.cpp:111), pid=11140, tid=7348
#  Error: ShouldNotReachHere()
#
# JRE version: OpenJDK Runtime Environment (15.0.1+9) (build 15.0.1+9-18)
# Java VM: OpenJDK 64-Bit Server VM (15.0.1+9-18, mixed mode, tiered, compressed oops, g1 gc, windows-amd64)
# No core dump will be written. Minidumps are not enabled by default on client versions of Windows
#
# If you would like to submit a bug report, please visit:
#   https://bugreport.java.com/bugreport/crash.jsp
#

---------------  S U M M A R Y ------------

Command Line: -XX:+ShowCodeDetailsInExceptionMessages -agentlib:jdwp=transport=dt_socket,suspend=y,address=localhost:51442 -javaagent:C:\Users\miyak\eclipse\java-2020-12\eclipse\configuration\org.eclipse.osgi\220\0\.cp\lib\javaagent-shaded.jar -Dfile.encoding=MS932 democlient2.StartupUi

Host: Intel(R) Core(TM) i5-1035G7 CPU @ 1.20GHz, 8 cores, 7G,  Windows 10 , 64 bit Build 19041 (10.0.19041.1348)
Time: Tue Nov 23 00:39:34 2021 “Œ‹ž (•W€Žž) elapsed time: 1534.310363 seconds (0d 0h 25m 34s)

---------------  T H R E A D  ---------------

Current thread (0x000002407f42d110):  JavaThread "JDWP Transport Listener: dt_socket" daemon [_thread_in_vm, id=7348, stack(0x0000009531b00000,0x0000009531c00000)] _threads_hazard_ptr=0x000002401191e040

Stack: [0x0000009531b00000,0x0000009531c00000]
Native frames: (J=compiled Java code, j=interpreted, Vv=VM code, C=native code)
V  [jvm.dll+0x62ae9a]
V  [jvm.dll+0x781389]
V  [jvm.dll+0x782ae3]
V  [jvm.dll+0x7830f7]
V  [jvm.dll+0x2161cc]
V  [jvm.dll+0x216113]
V  [jvm.dll+0x619caa]
V  [jvm.dll+0x619963]
V  [jvm.dll+0x5df038]
V  [jvm.dll+0x7783ef]
V  [jvm.dll+0x4f04b1]
V  [jvm.dll+0x787e95]
V  [jvm.dll+0x4d430a]
V  [jvm.dll+0x49548b]
C  [jdwp.dll+0x796b]


---------------  P R O C E S S  ---------------

Threads class SMR info:
_java_thread_list=0x000002401191e040, length=21, elements={
0x000002407e84d5d0, 0x000002407e84df90, 0x000002407e85ea50, 0x000002407f068400,
0x000002407f069460, 0x000002407f06a050, 0x000002407f0b74c0, 0x000002407f0dc580,
0x000002407f1e99b0, 0x000002407f42d110, 0x000002407f321eb0, 0x000002407f3227a0,
0x000002400f28d7b0, 0x000002400f44a1b0, 0x000002400f4db030, 0x000002400f4b3890,
0x0000024011201960, 0x0000024011202300, 0x00000240112027d0, 0x0000024011b98570,
0x0000024011b95550
}

Java Threads: ( => current thread )
  0x000002407e84d5d0 JavaThread "Reference Handler" daemon [_thread_blocked, id=396, stack(0x0000009531200000,0x0000009531300000)]
  0x000002407e84df90 JavaThread "Finalizer" daemon [_thread_blocked, id=4244, stack(0x0000009531300000,0x0000009531400000)]
  0x000002407e85ea50 JavaThread "Signal Dispatcher" daemon [_thread_blocked, id=7180, stack(0x0000009531400000,0x0000009531500000)]
  0x000002407f068400 JavaThread "Attach Listener" daemon [_thread_blocked, id=17500, stack(0x0000009531500000,0x0000009531600000)]
  0x000002407f069460 JavaThread "Service Thread" daemon [_thread_blocked, id=7712, stack(0x0000009531600000,0x0000009531700000)]
  0x000002407f06a050 JavaThread "C2 CompilerThread0" daemon [_thread_blocked, id=15280, stack(0x0000009531700000,0x0000009531800000)]
  0x000002407f0b74c0 JavaThread "C1 CompilerThread0" daemon [_thread_blocked, id=15748, stack(0x0000009531800000,0x0000009531900000)]
  0x000002407f0dc580 JavaThread "Sweeper thread" daemon [_thread_blocked, id=8124, stack(0x0000009531900000,0x0000009531a00000)]
  0x000002407f1e99b0 JavaThread "Common-Cleaner" daemon [_thread_blocked, id=9276, stack(0x0000009531a00000,0x0000009531b00000)]
=>0x000002407f42d110 JavaThread "JDWP Transport Listener: dt_socket" daemon [_thread_in_vm, id=7348, stack(0x0000009531b00000,0x0000009531c00000)] _threads_hazard_ptr=0x000002401191e040
  0x000002407f321eb0 JavaThread "JDWP Event Helper Thread" daemon [_thread_blocked, id=17060, stack(0x0000009531c00000,0x0000009531d00000)]
  0x000002407f3227a0 JavaThread "JDWP Command Reader" daemon [_thread_in_native, id=424, stack(0x0000009531d00000,0x0000009531e00000)]
  0x000002400f28d7b0 JavaThread "Notification Thread" daemon [_thread_blocked, id=11800, stack(0x0000009531f00000,0x0000009532000000)]
  0x000002400f44a1b0 JavaThread "Java2D Disposer" daemon [_thread_blocked, id=16332, stack(0x0000009532100000,0x0000009532200000)]
  0x000002400f4db030 JavaThread "AWT-Shutdown" [_thread_blocked, id=4920, stack(0x0000009532200000,0x0000009532300000)]
  0x000002400f4b3890 JavaThread "AWT-Windows" daemon [_thread_in_native, id=11688, stack(0x0000009532300000,0x0000009532400000)]
  0x0000024011201960 JavaThread "AWT-EventQueue-0" [_thread_blocked, id=8252, stack(0x0000009532800000,0x0000009532900000)]
  0x0000024011202300 JavaThread "DestroyJavaVM" [_thread_blocked, id=15984, stack(0x0000009530b00000,0x0000009530c00000)]
  0x00000240112027d0 JavaThread "TimerQueue" daemon [_thread_blocked, id=8928, stack(0x0000009532700000,0x0000009532800000)]
  0x0000024011b98570 JavaThread "OkHttp TaskRunner" daemon [_thread_blocked, id=16484, stack(0x0000009531e00000,0x0000009531f00000)]
  0x0000024011b95550 JavaThread "Okio Watchdog" daemon [_thread_blocked, id=15904, stack(0x0000009532c00000,0x0000009532d00000)]

Other Threads:
  0x000002407e8433b0 VMThread "VM Thread" [stack: 0x0000009531100000,0x0000009531200000] [id=16100]
  0x000002407f3bd4e0 WatcherThread [stack: 0x0000009532000000,0x0000009532100000] [id=8456]
  0x0000024071933d80 GCTaskThread "GC Thread#0" [stack: 0x0000009530c00000,0x0000009530d00000] [id=16852]
  0x000002407f300970 GCTaskThread "GC Thread#1" [stack: 0x0000009532400000,0x0000009532500000] [id=9872]
  0x000002407f301960 GCTaskThread "GC Thread#2" [stack: 0x0000009532500000,0x0000009532600000] [id=3568]
  0x000002407f300310 GCTaskThread "GC Thread#3" [stack: 0x0000009532600000,0x0000009532700000] [id=7824]
  0x000002407f302c80 GCTaskThread "GC Thread#4" [stack: 0x0000009532900000,0x0000009532a00000] [id=2284]
  0x000002407f300fd0 GCTaskThread "GC Thread#5" [stack: 0x0000009532a00000,0x0000009532b00000] [id=5780]
  0x0000024071944120 ConcurrentGCThread "G1 Main Marker" [stack: 0x0000009530d00000,0x0000009530e00000] [id=3704]
  0x00000240719453c0 ConcurrentGCThread "G1 Conc#0" [stack: 0x0000009530e00000,0x0000009530f00000] [id=6832]
  0x000002407f301300 ConcurrentGCThread "G1 Conc#1" [stack: 0x0000009532b00000,0x0000009532c00000] [id=10636]
  0x00000240719bc800 ConcurrentGCThread "G1 Refine#0" [stack: 0x0000009530f00000,0x0000009531000000] [id=11148]
  0x00000240719be1c0 ConcurrentGCThread "G1 Young RemSet Sampling" [stack: 0x0000009531000000,0x0000009531100000] [id=17464]

Threads with active compile tasks:

VM state: not at safepoint (normal execution)

VM Mutex/Monitor currently owned by a thread: None

Heap address: 0x0000000086600000, size: 1946 MB, Compressed Oops mode: 32-bit
CDS disabled.
Compressed class space mapped at: 0x0000000100000000-0x0000000140000000, size: 1073741824
Narrow klass base: 0x0000000000000000, Narrow klass shift: 3, Narrow klass range: 0x140000000

GC Precious Log:
 CPUs: 8 total, 8 available
 Memory: 7778M
 Large Page Support: Disabled
 NUMA Support: Disabled
 Compressed Oops: Enabled (32-bit)
 Heap Region Size: 1M
 Heap Min Capacity: 8M
 Heap Initial Capacity: 122M
 Heap Max Capacity: 1946M
 Pre-touch: Disabled
 Parallel Workers: 8
 Concurrent Workers: 2
 Concurrent Refinement Workers: 8
 Periodic GC: Disabled

Heap:
 garbage-first heap   total 72704K, used 24020K [0x0000000086600000, 0x0000000100000000)
  region size 1024K, 4 young (4096K), 1 survivors (1024K)
 Metaspace       used 33918K, capacity 34332K, committed 34432K, reserved 1081344K
  class space    used 3255K, capacity 3399K, committed 3456K, reserved 1048576K

Heap Regions: E=young(eden), S=young(survivor), O=old, HS=humongous(starts), HC=humongous(continues), CS=collection set, F=free, OA=open archive, CA=closed archive, TAMS=top-at-mark-start (previous, next)
|   0|0x0000000086600000, 0x0000000086700000, 0x0000000086700000|100%| O|  |TAMS 0x0000000086700000, 0x0000000086600000| Untracked 
|   1|0x0000000086700000, 0x0000000086800000, 0x0000000086800000|100%| O|  |TAMS 0x0000000086800000, 0x0000000086700000| Untracked 
|   2|0x0000000086800000, 0x00000000868ec800, 0x0000000086900000| 92%| O|  |TAMS 0x00000000868ec800, 0x0000000086800000| Untracked 
|   3|0x0000000086900000, 0x0000000086a00000, 0x0000000086a00000|100%| O|  |TAMS 0x0000000086a00000, 0x0000000086900000| Untracked 
|   4|0x0000000086a00000, 0x0000000086b00000, 0x0000000086b00000|100%| O|  |TAMS 0x0000000086b00000, 0x0000000086a00000| Untracked 
|   5|0x0000000086b00000, 0x0000000086c00000, 0x0000000086c00000|100%| O|  |TAMS 0x0000000086c00000, 0x0000000086b00000| Untracked 
|   6|0x0000000086c00000, 0x0000000086d00000, 0x0000000086d00000|100%| O|  |TAMS 0x0000000086d00000, 0x0000000086c00000| Untracked 
|   7|0x0000000086d00000, 0x0000000086e00000, 0x0000000086e00000|100%| O|  |TAMS 0x0000000086e00000, 0x0000000086d00000| Untracked 
|   8|0x0000000086e00000, 0x0000000086f00000, 0x0000000086f00000|100%| O|  |TAMS 0x0000000086f00000, 0x0000000086e00000| Untracked 
|   9|0x0000000086f00000, 0x0000000087000000, 0x0000000087000000|100%| O|  |TAMS 0x0000000087000000, 0x0000000086f00000| Untracked 
|  10|0x0000000087000000, 0x0000000087018800, 0x0000000087100000|  9%| O|  |TAMS 0x0000000087018800, 0x0000000087000000| Untracked 
|  11|0x0000000087100000, 0x0000000087200000, 0x0000000087200000|100%| O|  |TAMS 0x0000000087200000, 0x0000000087100000| Untracked 
|  12|0x0000000087200000, 0x0000000087300000, 0x0000000087300000|100%|HS|  |TAMS 0x0000000087200000, 0x0000000087200000| Complete 
|  13|0x0000000087300000, 0x0000000087400000, 0x0000000087400000|100%|HC|  |TAMS 0x0000000087300000, 0x0000000087300000| Complete 
|  14|0x0000000087400000, 0x0000000087500000, 0x0000000087500000|100%|HC|  |TAMS 0x0000000087400000, 0x0000000087400000| Complete 
|  15|0x0000000087500000, 0x0000000087600000, 0x0000000087600000|100%|HC|  |TAMS 0x0000000087500000, 0x0000000087500000| Complete 
|  16|0x0000000087600000, 0x0000000087700000, 0x0000000087700000|100%|HC|  |TAMS 0x0000000087600000, 0x0000000087600000| Complete 
|  17|0x0000000087700000, 0x0000000087700000, 0x0000000087800000|  0%| F|  |TAMS 0x0000000087700000, 0x0000000087700000| Untracked 
|  18|0x0000000087800000, 0x0000000087800000, 0x0000000087900000|  0%| F|  |TAMS 0x0000000087800000, 0x0000000087800000| Untracked 
|  19|0x0000000087900000, 0x0000000087900000, 0x0000000087a00000|  0%| F|  |TAMS 0x0000000087900000, 0x0000000087900000| Untracked 
|  20|0x0000000087a00000, 0x0000000087a00000, 0x0000000087b00000|  0%| F|  |TAMS 0x0000000087a00000, 0x0000000087a00000| Untracked 
|  21|0x0000000087b00000, 0x0000000087b00000, 0x0000000087c00000|  0%| F|  |TAMS 0x0000000087b00000, 0x0000000087b00000| Untracked 
|  22|0x0000000087c00000, 0x0000000087c00000, 0x0000000087d00000|  0%| F|  |TAMS 0x0000000087c00000, 0x0000000087c00000| Untracked 
|  23|0x0000000087d00000, 0x0000000087d00000, 0x0000000087e00000|  0%| F|  |TAMS 0x0000000087d00000, 0x0000000087d00000| Untracked 
|  24|0x0000000087e00000, 0x0000000087e00000, 0x0000000087f00000|  0%| F|  |TAMS 0x0000000087e00000, 0x0000000087e00000| Untracked 
|  25|0x0000000087f00000, 0x0000000087f00000, 0x0000000088000000|  0%| F|  |TAMS 0x0000000087f00000, 0x0000000087f00000| Untracked 
|  26|0x0000000088000000, 0x0000000088070188, 0x0000000088100000| 43%| S|CS|TAMS 0x0000000088000000, 0x0000000088000000| Complete 
|  27|0x0000000088100000, 0x0000000088100000, 0x0000000088200000|  0%| F|  |TAMS 0x0000000088100000, 0x0000000088100000| Untracked 
|  28|0x0000000088200000, 0x0000000088200000, 0x0000000088300000|  0%| F|  |TAMS 0x0000000088200000, 0x0000000088200000| Untracked 
|  29|0x0000000088300000, 0x0000000088400000, 0x0000000088400000|100%|HS|  |TAMS 0x0000000088400000, 0x0000000088300000| Complete 
|  30|0x0000000088400000, 0x0000000088500000, 0x0000000088500000|100%|HC|  |TAMS 0x0000000088500000, 0x0000000088400000| Complete 
|  31|0x0000000088500000, 0x0000000088600000, 0x0000000088600000|100%|HC|  |TAMS 0x0000000088600000, 0x0000000088500000| Complete 
|  32|0x0000000088600000, 0x0000000088700000, 0x0000000088700000|100%|HC|  |TAMS 0x0000000088700000, 0x0000000088600000| Complete 
|  33|0x0000000088700000, 0x0000000088800000, 0x0000000088800000|100%|HC|  |TAMS 0x0000000088800000, 0x0000000088700000| Complete 
|  34|0x0000000088800000, 0x0000000088800000, 0x0000000088900000|  0%| F|  |TAMS 0x0000000088800000, 0x0000000088800000| Untracked 
|  35|0x0000000088900000, 0x0000000088900000, 0x0000000088a00000|  0%| F|  |TAMS 0x0000000088900000, 0x0000000088900000| Untracked 
|  36|0x0000000088a00000, 0x0000000088a00000, 0x0000000088b00000|  0%| F|  |TAMS 0x0000000088a00000, 0x0000000088a00000| Untracked 
|  37|0x0000000088b00000, 0x0000000088b00000, 0x0000000088c00000|  0%| F|  |TAMS 0x0000000088b00000, 0x0000000088b00000| Untracked 
|  38|0x0000000088c00000, 0x0000000088c00000, 0x0000000088d00000|  0%| F|  |TAMS 0x0000000088c00000, 0x0000000088c00000| Untracked 
|  39|0x0000000088d00000, 0x0000000088d00000, 0x0000000088e00000|  0%| F|  |TAMS 0x0000000088d00000, 0x0000000088d00000| Untracked 
|  40|0x0000000088e00000, 0x0000000088e00000, 0x0000000088f00000|  0%| F|  |TAMS 0x0000000088e00000, 0x0000000088e00000| Untracked 
|  41|0x0000000088f00000, 0x0000000088f00000, 0x0000000089000000|  0%| F|  |TAMS 0x0000000088f00000, 0x0000000088f00000| Untracked 
|  42|0x0000000089000000, 0x0000000089000000, 0x0000000089100000|  0%| F|  |TAMS 0x0000000089000000, 0x0000000089000000| Untracked 
|  43|0x0000000089100000, 0x0000000089100000, 0x0000000089200000|  0%| F|  |TAMS 0x0000000089100000, 0x0000000089100000| Untracked 
|  44|0x0000000089200000, 0x0000000089200000, 0x0000000089300000|  0%| F|  |TAMS 0x0000000089200000, 0x0000000089200000| Untracked 
|  45|0x0000000089300000, 0x0000000089300000, 0x0000000089400000|  0%| F|  |TAMS 0x0000000089300000, 0x0000000089300000| Untracked 
|  46|0x0000000089400000, 0x0000000089400000, 0x0000000089500000|  0%| F|  |TAMS 0x0000000089400000, 0x0000000089400000| Untracked 
|  47|0x0000000089500000, 0x0000000089500000, 0x0000000089600000|  0%| F|  |TAMS 0x0000000089500000, 0x0000000089500000| Untracked 
|  48|0x0000000089600000, 0x0000000089600000, 0x0000000089700000|  0%| F|  |TAMS 0x0000000089600000, 0x0000000089600000| Untracked 
|  49|0x0000000089700000, 0x0000000089700000, 0x0000000089800000|  0%| F|  |TAMS 0x0000000089700000, 0x0000000089700000| Untracked 
|  50|0x0000000089800000, 0x0000000089800000, 0x0000000089900000|  0%| F|  |TAMS 0x0000000089800000, 0x0000000089800000| Untracked 
|  51|0x0000000089900000, 0x0000000089900000, 0x0000000089a00000|  0%| F|  |TAMS 0x0000000089900000, 0x0000000089900000| Untracked 
|  52|0x0000000089a00000, 0x0000000089a00000, 0x0000000089b00000|  0%| F|  |TAMS 0x0000000089a00000, 0x0000000089a00000| Untracked 
|  53|0x0000000089b00000, 0x0000000089b00000, 0x0000000089c00000|  0%| F|  |TAMS 0x0000000089b00000, 0x0000000089b00000| Untracked 
|  54|0x0000000089c00000, 0x0000000089c00000, 0x0000000089d00000|  0%| F|  |TAMS 0x0000000089c00000, 0x0000000089c00000| Untracked 
|  55|0x0000000089d00000, 0x0000000089d00000, 0x0000000089e00000|  0%| F|  |TAMS 0x0000000089d00000, 0x0000000089d00000| Untracked 
|  56|0x0000000089e00000, 0x0000000089e00000, 0x0000000089f00000|  0%| F|  |TAMS 0x0000000089e00000, 0x0000000089e00000| Untracked 
|  57|0x0000000089f00000, 0x0000000089f00000, 0x000000008a000000|  0%| F|  |TAMS 0x0000000089f00000, 0x0000000089f00000| Untracked 
|  58|0x000000008a000000, 0x000000008a000000, 0x000000008a100000|  0%| F|  |TAMS 0x000000008a000000, 0x000000008a000000| Untracked 
|  59|0x000000008a100000, 0x000000008a100000, 0x000000008a200000|  0%| F|  |TAMS 0x000000008a100000, 0x000000008a100000| Untracked 
|  60|0x000000008a200000, 0x000000008a200000, 0x000000008a300000|  0%| F|  |TAMS 0x000000008a200000, 0x000000008a200000| Untracked 
|  61|0x000000008a300000, 0x000000008a300000, 0x000000008a400000|  0%| F|  |TAMS 0x000000008a300000, 0x000000008a300000| Untracked 
|  62|0x000000008a400000, 0x000000008a400000, 0x000000008a500000|  0%| F|  |TAMS 0x000000008a400000, 0x000000008a400000| Untracked 
|  63|0x000000008a500000, 0x000000008a500000, 0x000000008a600000|  0%| F|  |TAMS 0x000000008a500000, 0x000000008a500000| Untracked 
|  64|0x000000008a600000, 0x000000008a600000, 0x000000008a700000|  0%| F|  |TAMS 0x000000008a600000, 0x000000008a600000| Untracked 
|  65|0x000000008a700000, 0x000000008a700000, 0x000000008a800000|  0%| F|  |TAMS 0x000000008a700000, 0x000000008a700000| Untracked 
|  66|0x000000008a800000, 0x000000008a800000, 0x000000008a900000|  0%| F|  |TAMS 0x000000008a800000, 0x000000008a800000| Untracked 
|  67|0x000000008a900000, 0x000000008a900000, 0x000000008aa00000|  0%| F|  |TAMS 0x000000008a900000, 0x000000008a900000| Untracked 
|  99|0x000000008c900000, 0x000000008ca00000, 0x000000008ca00000|100%| E|  |TAMS 0x000000008c900000, 0x000000008c900000| Complete 
| 100|0x000000008ca00000, 0x000000008cb00000, 0x000000008cb00000|100%| E|CS|TAMS 0x000000008ca00000, 0x000000008ca00000| Complete 
| 121|0x000000008df00000, 0x000000008e000000, 0x000000008e000000|100%| E|CS|TAMS 0x000000008df00000, 0x000000008df00000| Complete 

Card table byte_map: [0x00000240778e0000,0x0000024077cb0000] _byte_map_base: 0x00000240774ad000

Marking Bits (Prev, Next): (CMBitMap*) 0x00000240719344c0, (CMBitMap*) 0x0000024071934480
 Prev Bits: [0x0000024079ef0000, 0x000002407bd58000)
 Next Bits: [0x0000024078080000, 0x0000024079ee8000)

Polling page: 0x0000024071780000

Metaspace:

Usage:
  Non-class:     30.21 MB capacity,    29.94 MB (>99%) used,   220.53 KB ( <1%) free+waste,    49.12 KB ( <1%) overhead. 
      Class:      3.32 MB capacity,     3.18 MB ( 96%) used,   126.67 KB (  4%) free+waste,    17.25 KB ( <1%) overhead. 
       Both:     33.53 MB capacity,    33.12 MB ( 99%) used,   347.20 KB (  1%) free+waste,    66.38 KB ( <1%) overhead. 

Virtual space:
  Non-class space:       32.00 MB reserved,      30.25 MB ( 95%) committed 
      Class space:        1.00 GB reserved,       3.38 MB ( <1%) committed 
             Both:        1.03 GB reserved,      33.62 MB (  3%) committed 

Chunk freelists:
   Non-Class:  43.00 KB
       Class:  25.00 KB
        Both:  68.00 KB

MaxMetaspaceSize: 17179869184.00 GB
CompressedClassSpaceSize: 1.00 GB

CodeHeap 'non-profiled nmethods': size=120000Kb used=3791Kb max_used=3791Kb free=116208Kb
 bounds [0x0000024007ad0000, 0x0000024007e90000, 0x000002400f000000]
CodeHeap 'profiled nmethods': size=120000Kb used=7351Kb max_used=9013Kb free=112649Kb
 bounds [0x00000240005a0000, 0x0000024000e70000, 0x0000024007ad0000]
CodeHeap 'non-nmethods': size=5760Kb used=1484Kb max_used=1564Kb free=4275Kb
 bounds [0x0000024000000000, 0x0000024000270000, 0x00000240005a0000]
 total_blobs=4934 nmethods=4227 adapters=619
 compilation: enabled
              stopped_count=0, restarted_count=0
 full_count=0

Compilation events (20 events):
Event: 1475.260 Thread 0x000002407f0b74c0 5016   !   3       jdk.internal.reflect.GeneratedMethodAccessor41::invoke (49 bytes)
Event: 1475.261 Thread 0x000002407f0b74c0 nmethod 5016 0x0000024000c3d210 code [0x0000024000c3d420, 0x0000024000c3d968]
Event: 1475.275 Thread 0x000002407f06a050 5017       4       okio.Buffer::indexOf (659 bytes)
Event: 1475.276 Thread 0x000002407f0b74c0 5018       1       okhttp3.internal.concurrent.TaskQueue::setActiveTask$okhttp (6 bytes)
Event: 1475.276 Thread 0x000002407f0b74c0 nmethod 5018 0x0000024007e82710 code [0x0000024007e828a0, 0x0000024007e82998]
Event: 1475.276 Thread 0x000002407f0b74c0 5019       3       com.fasterxml.jackson.databind.deser.DeserializerCache::_createDeserializer (195 bytes)
Event: 1475.279 Thread 0x000002407f0b74c0 nmethod 5019 0x00000240006fcf10 code [0x00000240006fd260, 0x00000240006fe8b8]
Event: 1475.279 Thread 0x000002407f0b74c0 5020       3       com.fasterxml.jackson.databind.DeserializationConfig::introspect (11 bytes)
Event: 1475.280 Thread 0x000002407f0b74c0 nmethod 5020 0x0000024000bae990 code [0x0000024000baeb40, 0x0000024000baee28]
Event: 1475.280 Thread 0x000002407f0b74c0 5021       3       com.fasterxml.jackson.databind.introspect.BasicClassIntrospector::forDeserialization (8 bytes)
Event: 1475.280 Thread 0x000002407f0b74c0 nmethod 5021 0x0000024000a2b290 code [0x0000024000a2b440, 0x0000024000a2b5a8]
Event: 1475.284 Thread 0x000002407f0b74c0 5022       1       sun.awt.Win32GraphicsConfig::getProxyKey (5 bytes)
Event: 1475.284 Thread 0x000002407f0b74c0 nmethod 5022 0x0000024007e82a10 code [0x0000024007e82ba0, 0x0000024007e82c58]
Event: 1475.292 Thread 0x000002407f06a050 nmethod 5017 0x0000024007e82d10 code [0x0000024007e82ea0, 0x0000024007e83478]
Event: 1485.465 Thread 0x000002407f0b74c0 5023  s    3       java.awt.KeyboardFocusManager::getMostRecentFocusOwner (29 bytes)
Event: 1485.466 Thread 0x000002407f0b74c0 nmethod 5023 0x0000024000c3c990 code [0x0000024000c3cb60, 0x0000024000c3d0b8]
Event: 1485.469 Thread 0x000002407f0b74c0 5024   !   3       java.awt.AWTEvent::setSource (95 bytes)
Event: 1485.470 Thread 0x000002407f0b74c0 nmethod 5024 0x00000240005b7c90 code [0x00000240005b7e80, 0x00000240005b8668]
Event: 1533.911 Thread 0x000002407f0b74c0 5025       1       javax.swing.JComponent::isValidateRoot (2 bytes)
Event: 1533.912 Thread 0x000002407f0b74c0 nmethod 5025 0x0000024007e83c10 code [0x0000024007e83da0, 0x0000024007e83e58]

GC Heap History (20 events):
Event: 927.906 GC heap before
{Heap before GC invocations=226 (full 0):
 garbage-first heap   total 72704K, used 33957K [0x0000000086600000, 0x0000000100000000)
  region size 1024K, 3 young (3072K), 1 survivors (1024K)
 Metaspace       used 33872K, capacity 34267K, committed 34432K, reserved 1081344K
  class space    used 3254K, capacity 3399K, committed 3456K, reserved 1048576K
}
Event: 927.908 GC heap after
{Heap after GC invocations=227 (full 0):
 garbage-first heap   total 72704K, used 24751K [0x0000000086600000, 0x0000000100000000)
  region size 1024K, 1 young (1024K), 1 survivors (1024K)
 Metaspace       used 33872K, capacity 34267K, committed 34432K, reserved 1081344K
  class space    used 3254K, capacity 3399K, committed 3456K, reserved 1048576K
}
Event: 927.953 GC heap before
{Heap before GC invocations=228 (full 0):
 garbage-first heap   total 72704K, used 29871K [0x0000000086600000, 0x0000000100000000)
  region size 1024K, 2 young (2048K), 1 survivors (1024K)
 Metaspace       used 33872K, capacity 34267K, committed 34432K, reserved 1081344K
  class space    used 3254K, capacity 3399K, committed 3456K, reserved 1048576K
}
Event: 927.955 GC heap after
{Heap after GC invocations=229 (full 0):
 garbage-first heap   total 72704K, used 21668K [0x0000000086600000, 0x0000000100000000)
  region size 1024K, 1 young (1024K), 1 survivors (1024K)
 Metaspace       used 33872K, capacity 34267K, committed 34432K, reserved 1081344K
  class space    used 3254K, capacity 3399K, committed 3456K, reserved 1048576K
}
Event: 928.004 GC heap before
{Heap before GC invocations=230 (full 0):
 garbage-first heap   total 72704K, used 31908K [0x0000000086600000, 0x0000000100000000)
  region size 1024K, 2 young (2048K), 1 survivors (1024K)
 Metaspace       used 33872K, capacity 34267K, committed 34432K, reserved 1081344K
  class space    used 3254K, capacity 3399K, committed 3456K, reserved 1048576K
}
Event: 928.005 GC heap after
{Heap after GC invocations=231 (full 0):
 garbage-first heap   total 72704K, used 26796K [0x0000000086600000, 0x0000000100000000)
  region size 1024K, 1 young (1024K), 1 survivors (1024K)
 Metaspace       used 33872K, capacity 34267K, committed 34432K, reserved 1081344K
  class space    used 3254K, capacity 3399K, committed 3456K, reserved 1048576K
}
Event: 971.236 GC heap before
{Heap before GC invocations=232 (full 0):
 garbage-first heap   total 72704K, used 41132K [0x0000000086600000, 0x0000000100000000)
  region size 1024K, 11 young (11264K), 1 survivors (1024K)
 Metaspace       used 33878K, capacity 34267K, committed 34432K, reserved 1081344K
  class space    used 3254K, capacity 3399K, committed 3456K, reserved 1048576K
}
Event: 971.240 GC heap after
{Heap after GC invocations=233 (full 0):
 garbage-first heap   total 72704K, used 21715K [0x0000000086600000, 0x0000000100000000)
  region size 1024K, 1 young (1024K), 1 survivors (1024K)
 Metaspace       used 33878K, capacity 34267K, committed 34432K, reserved 1081344K
  class space    used 3254K, capacity 3399K, committed 3456K, reserved 1048576K
}
Event: 972.301 GC heap before
{Heap before GC invocations=234 (full 0):
 garbage-first heap   total 72704K, used 64723K [0x0000000086600000, 0x0000000100000000)
  region size 1024K, 38 young (38912K), 1 survivors (1024K)
 Metaspace       used 33878K, capacity 34267K, committed 34432K, reserved 1081344K
  class space    used 3254K, capacity 3399K, committed 3456K, reserved 1048576K
}
Event: 972.303 GC heap after
{Heap after GC invocations=235 (full 0):
 garbage-first heap   total 72704K, used 21895K [0x0000000086600000, 0x0000000100000000)
  region size 1024K, 1 young (1024K), 1 survivors (1024K)
 Metaspace       used 33878K, capacity 34267K, committed 34432K, reserved 1081344K
  class space    used 3254K, capacity 3399K, committed 3456K, reserved 1048576K
}
Event: 976.317 GC heap before
{Heap before GC invocations=235 (full 0):
 garbage-first heap   total 72704K, used 49543K [0x0000000086600000, 0x0000000100000000)
  region size 1024K, 21 young (21504K), 1 survivors (1024K)
 Metaspace       used 33881K, capacity 34267K, committed 34432K, reserved 1081344K
  class space    used 3254K, capacity 3399K, committed 3456K, reserved 1048576K
}
Event: 976.318 GC heap after
{Heap after GC invocations=236 (full 0):
 garbage-first heap   total 72704K, used 24885K [0x0000000086600000, 0x0000000100000000)
  region size 1024K, 1 young (1024K), 1 survivors (1024K)
 Metaspace       used 33881K, capacity 34267K, committed 34432K, reserved 1081344K
  class space    used 3254K, capacity 3399K, committed 3456K, reserved 1048576K
}
Event: 976.360 GC heap before
{Heap before GC invocations=237 (full 0):
 garbage-first heap   total 72704K, used 28981K [0x0000000086600000, 0x0000000100000000)
  region size 1024K, 2 young (2048K), 1 survivors (1024K)
 Metaspace       used 33881K, capacity 34267K, committed 34432K, reserved 1081344K
  class space    used 3254K, capacity 3399K, committed 3456K, reserved 1048576K
}
Event: 976.362 GC heap after
{Heap after GC invocations=238 (full 0):
 garbage-first heap   total 72704K, used 19662K [0x0000000086600000, 0x0000000100000000)
  region size 1024K, 1 young (1024K), 1 survivors (1024K)
 Metaspace       used 33881K, capacity 34267K, committed 34432K, reserved 1081344K
  class space    used 3254K, capacity 3399K, committed 3456K, reserved 1048576K
}
Event: 976.964 GC heap before
{Heap before GC invocations=239 (full 0):
 garbage-first heap   total 72704K, used 29902K [0x0000000086600000, 0x0000000100000000)
  region size 1024K, 3 young (3072K), 1 survivors (1024K)
 Metaspace       used 33881K, capacity 34267K, committed 34432K, reserved 1081344K
  class space    used 3254K, capacity 3399K, committed 3456K, reserved 1048576K
}
Event: 976.965 GC heap after
{Heap after GC invocations=240 (full 0):
 garbage-first heap   total 72704K, used 28866K [0x0000000086600000, 0x0000000100000000)
  region size 1024K, 1 young (1024K), 1 survivors (1024K)
 Metaspace       used 33881K, capacity 34267K, committed 34432K, reserved 1081344K
  class space    used 3254K, capacity 3399K, committed 3456K, reserved 1048576K
}
Event: 1453.500 GC heap before
{Heap before GC invocations=241 (full 0):
 garbage-first heap   total 72704K, used 37058K [0x0000000086600000, 0x0000000100000000)
  region size 1024K, 5 young (5120K), 1 survivors (1024K)
 Metaspace       used 33896K, capacity 34331K, committed 34432K, reserved 1081344K
  class space    used 3255K, capacity 3399K, committed 3456K, reserved 1048576K
}
Event: 1453.504 GC heap after
{Heap after GC invocations=242 (full 0):
 garbage-first heap   total 72704K, used 21728K [0x0000000086600000, 0x0000000100000000)
  region size 1024K, 1 young (1024K), 1 survivors (1024K)
 Metaspace       used 33896K, capacity 34331K, committed 34432K, reserved 1081344K
  class space    used 3255K, capacity 3399K, committed 3456K, reserved 1048576K
}
Event: 1474.794 GC heap before
{Heap before GC invocations=243 (full 0):
 garbage-first heap   total 72704K, used 65760K [0x0000000086600000, 0x0000000100000000)
  region size 1024K, 39 young (39936K), 1 survivors (1024K)
 Metaspace       used 33903K, capacity 34331K, committed 34432K, reserved 1081344K
  class space    used 3255K, capacity 3399K, committed 3456K, reserved 1048576K
}
Event: 1474.796 GC heap after
{Heap after GC invocations=244 (full 0):
 garbage-first heap   total 72704K, used 21972K [0x0000000086600000, 0x0000000100000000)
  region size 1024K, 1 young (1024K), 1 survivors (1024K)
 Metaspace       used 33903K, capacity 34331K, committed 34432K, reserved 1081344K
  class space    used 3255K, capacity 3399K, committed 3456K, reserved 1048576K
}

Deoptimization events (20 events):
Event: 1460.506 Thread 0x0000024011201960 Uncommon trap: trap_request=0xffffffde fr.pc=0x0000024007d97044 relative=0x0000000000000844
Event: 1460.506 Thread 0x0000024011201960 Uncommon trap: reason=class_check action=maybe_recompile pc=0x0000024007d97044 method=java.awt.EventQueue.setCurrentEventAndMostRecentTimeImpl(Ljava/awt/AWTEvent;)V @ 59 c2
Event: 1460.506 Thread 0x0000024011201960 DEOPT PACKING pc=0x0000024007d97044 sp=0x00000095328fef40
Event: 1460.506 Thread 0x0000024011201960 DEOPT UNPACKING pc=0x000002400000852f sp=0x00000095328fef10 mode 2
Event: 1460.506 Thread 0x0000024011201960 Uncommon trap: trap_request=0xffffffde fr.pc=0x0000024007bf0f7c relative=0x00000000000008bc
Event: 1460.506 Thread 0x0000024011201960 Uncommon trap: reason=class_check action=maybe_recompile pc=0x0000024007bf0f7c method=sun.awt.windows.WComponentPeer.handleEvent(Ljava/awt/AWTEvent;)V @ 13 c2
Event: 1460.506 Thread 0x0000024011201960 DEOPT PACKING pc=0x0000024007bf0f7c sp=0x00000095328fefa0
Event: 1460.506 Thread 0x0000024011201960 DEOPT UNPACKING pc=0x000002400000852f sp=0x00000095328fef88 mode 2
Event: 1460.506 Thread 0x0000024011201960 Uncommon trap: trap_request=0xffffffde fr.pc=0x0000024007deeeb0 relative=0x0000000000000270
Event: 1460.506 Thread 0x0000024011201960 Uncommon trap: reason=class_check action=maybe_recompile pc=0x0000024007deeeb0 method=java.awt.AWTEvent.dispatched()V @ 11 c2
Event: 1460.506 Thread 0x0000024011201960 DEOPT PACKING pc=0x0000024007deeeb0 sp=0x00000095328ff1d0
Event: 1460.506 Thread 0x0000024011201960 DEOPT UNPACKING pc=0x000002400000852f sp=0x00000095328ff070 mode 2
Event: 1533.912 Thread 0x0000024011201960 Uncommon trap: trap_request=0xffffff45 fr.pc=0x0000024007b41c30 relative=0x0000000000001630
Event: 1533.912 Thread 0x0000024011201960 Uncommon trap: reason=unstable_if action=reinterpret pc=0x0000024007b41c30 method=javax.swing.SwingUtilities.computeIntersection(IIIILjava/awt/Rectangle;)Ljava/awt/Rectangle; @ 151 c2
Event: 1533.912 Thread 0x0000024011201960 DEOPT PACKING pc=0x0000024007b41c30 sp=0x00000095328fdee0
Event: 1533.913 Thread 0x0000024011201960 DEOPT UNPACKING pc=0x000002400000852f sp=0x00000095328fde40 mode 2
Event: 1533.913 Thread 0x0000024011201960 Uncommon trap: trap_request=0xffffff45 fr.pc=0x0000024007dc5cf0 relative=0x00000000000000f0
Event: 1533.913 Thread 0x0000024011201960 Uncommon trap: reason=unstable_if action=reinterpret pc=0x0000024007dc5cf0 method=javax.swing.SwingUtilities.computeIntersection(IIIILjava/awt/Rectangle;)Ljava/awt/Rectangle; @ 151 c2
Event: 1533.913 Thread 0x0000024011201960 DEOPT PACKING pc=0x0000024007dc5cf0 sp=0x00000095328fde90
Event: 1533.913 Thread 0x0000024011201960 DEOPT UNPACKING pc=0x000002400000852f sp=0x00000095328fde30 mode 2

Classes unloaded (0 events):
No events

Classes redefined (20 events):
Event: 602.736 Thread 0x000002407e8433b0 redefined class name=democlient2.topology2.LinkEditor$1, count=7
Event: 602.736 Thread 0x000002407e8433b0 redefined class name=democlient2.topology2.LinkEditor, count=7
Event: 891.386 Thread 0x000002407e8433b0 redefined class name=democlient2.topology2.DraggablePanel2$1, count=1
Event: 891.386 Thread 0x000002407e8433b0 redefined class name=democlient2.topology2.DraggablePanel2$2, count=1
Event: 891.386 Thread 0x000002407e8433b0 redefined class name=democlient2.topology2.DraggablePanel2$3, count=1
Event: 891.386 Thread 0x000002407e8433b0 redefined class name=democlient2.topology2.DraggablePanel2$4, count=1
Event: 891.386 Thread 0x000002407e8433b0 redefined class name=democlient2.topology2.DraggablePanel2$5, count=1
Event: 891.386 Thread 0x000002407e8433b0 redefined class name=democlient2.topology2.DraggablePanel2$DragTarget, count=1
Event: 891.386 Thread 0x000002407e8433b0 redefined class name=democlient2.topology2.DraggablePanel2, count=1
Event: 891.386 Thread 0x000002407e8433b0 redefined class name=democlient2.topology2.LinkEditor$1, count=9
Event: 891.386 Thread 0x000002407e8433b0 redefined class name=democlient2.topology2.LinkEditor, count=8
Event: 912.921 Thread 0x000002407e8433b0 redefined class name=democlient2.topology2.DraggablePanel2$1, count=2
Event: 912.921 Thread 0x000002407e8433b0 redefined class name=democlient2.topology2.DraggablePanel2$2, count=2
Event: 912.921 Thread 0x000002407e8433b0 redefined class name=democlient2.topology2.DraggablePanel2$3, count=2
Event: 912.921 Thread 0x000002407e8433b0 redefined class name=democlient2.topology2.DraggablePanel2$4, count=2
Event: 912.921 Thread 0x000002407e8433b0 redefined class name=democlient2.topology2.DraggablePanel2$5, count=2
Event: 912.921 Thread 0x000002407e8433b0 redefined class name=democlient2.topology2.DraggablePanel2$DragTarget, count=2
Event: 912.921 Thread 0x000002407e8433b0 redefined class name=democlient2.topology2.DraggablePanel2, count=2
Event: 1529.066 Thread 0x000002407e8433b0 redefined class name=democlient2.topology2.LinkEditor$1, count=11
Event: 1529.066 Thread 0x000002407e8433b0 redefined class name=democlient2.topology2.LinkEditor, count=9

Internal exceptions (20 events):
Event: 1.305 Thread 0x00000240718f5070 Exception <a 'java/lang/IncompatibleClassChangeError'{0x000000008d2a1a90}: Found class java.lang.Object, but interface was expected> (0x000000008d2a1a90) 
thrown [./open/src/hotspot/share/interpreter/linkResolver.cpp, line 848]
Event: 1.308 Thread 0x00000240718f5070 Exception <a 'java/lang/NoSuchMethodError'{0x000000008d2a9248}: 'int java.lang.invoke.DirectMethodHandle$Holder.invokeStaticInit(java.lang.Object, java.lang.Object)'> (0x000000008d2a9248) 
thrown [./open/src/hotspot/share/interpreter/linkResolver.cpp, line 782]
Event: 1.406 Thread 0x00000240718f5070 Exception <a 'java/lang/NoSuchMethodError'{0x000000008ce26c38}: 'java.lang.Object java.lang.invoke.DirectMethodHandle$Holder.invokeStaticInit(java.lang.Object, java.lang.Object, int, int, int, int)'> (0x000000008ce26c38) 
thrown [./open/src/hotspot/share/interpreter/linkResolver.cpp, line 782]
Event: 1.474 Thread 0x00000240718f5070 Exception <a 'java/io/FileNotFoundException'{0x000000008cdc8b88}> (0x000000008cdc8b88) 
thrown [./open/src/hotspot/share/prims/jni.cpp, line 578]
Event: 1.585 Thread 0x00000240718f5070 Exception <a 'java/lang/NoSuchMethodError'{0x000000008df36ee0}: 'void java.lang.invoke.DirectMethodHandle$Holder.invokeStaticInit(java.lang.Object)'> (0x000000008df36ee0) 
thrown [./open/src/hotspot/share/interpreter/linkResolver.cpp, line 782]
Event: 4.061 Thread 0x0000024011201960 Implicit null exception at 0x0000024007b2ef6d to 0x0000024007b2f090
Event: 9.273 Thread 0x0000024011201960 Exception <a 'java/io/IOException'{0x0000000087cf7980}> (0x0000000087cf7980) 
thrown [./open/src/hotspot/share/prims/jni.cpp, line 578]
Event: 9.451 Thread 0x0000024011201960 Implicit null exception at 0x0000024007bf415b to 0x0000024007bf55d4
Event: 9.451 Thread 0x0000024011201960 Implicit null exception at 0x0000024007befeb9 to 0x0000024007bf0bd4
Event: 12.900 Thread 0x0000024011201960 Exception <a 'java/lang/NoSuchMethodError'{0x000000008c952f48}: 'void java.lang.invoke.DirectMethodHandle$Holder.invokeStatic(java.lang.Object, java.lang.Object, java.lang.Object)'> (0x000000008c952f48) 
thrown [./open/src/hotspot/share/interpreter/linkResolver.cpp, line 782]
Event: 15.437 Thread 0x0000024011201960 Exception <a 'java/lang/NoSuchMethodError'{0x00000000880e5740}: 'int java.lang.invoke.DirectMethodHandle$Holder.invokeStatic(java.lang.Object)'> (0x00000000880e5740) 
thrown [./open/src/hotspot/share/interpreter/linkResolver.cpp, line 782]
Event: 123.689 Thread 0x0000024011201960 Exception <a 'java/io/IOException'{0x000000008912df70}> (0x000000008912df70) 
thrown [./open/src/hotspot/share/prims/jni.cpp, line 578]
Event: 285.994 Thread 0x0000024011201960 Exception <a 'java/io/IOException'{0x0000000088dee630}> (0x0000000088dee630) 
thrown [./open/src/hotspot/share/prims/jni.cpp, line 578]
Event: 485.176 Thread 0x0000024011201960 Exception <a 'java/io/IOException'{0x0000000088947e40}> (0x0000000088947e40) 
thrown [./open/src/hotspot/share/prims/jni.cpp, line 578]
Event: 578.208 Thread 0x0000024011201960 Exception <a 'java/io/IOException'{0x0000000088d4eab0}> (0x0000000088d4eab0) 
thrown [./open/src/hotspot/share/prims/jni.cpp, line 578]
Event: 762.645 Thread 0x0000024011201960 Exception <a 'java/io/IOException'{0x000000008a4f9f98}> (0x000000008a4f9f98) 
thrown [./open/src/hotspot/share/prims/jni.cpp, line 578]
Event: 898.057 Thread 0x0000024011201960 Exception <a 'java/io/IOException'{0x0000000089313020}> (0x0000000089313020) 
thrown [./open/src/hotspot/share/prims/jni.cpp, line 578]
Event: 915.998 Thread 0x0000024011201960 Exception <a 'java/lang/NoSuchMethodError'{0x00000000892cfcd0}: 'java.lang.Object java.lang.invoke.DirectMethodHandle$Holder.newInvokeSpecial(java.lang.Object, java.lang.Object, int, int, int, int)'> (0x00000000892cfcd0) 
thrown [./open/src/hotspot/share/interpreter/linkResolver.cpp, line 782]
Event: 1272.946 Thread 0x0000024011202ca0 Exception <a 'java/net/SocketException'{0x000000008ca000a8}: Connection reset by peer: shutdown> (0x000000008ca000a8) 
thrown [./open/src/hotspot/share/prims/jni.cpp, line 599]
Event: 1534.308 Thread 0x000002407f42d110 Exception <a 'java/lang/LinkageError'{0x000000008c9c9b70}> (0x000000008c9c9b70) 
thrown [./open/src/hotspot/share/oops/generateOopMap.cpp, line 2137]

Events (20 events):
Event: 1475.757 Executing VM operation: GetFrameLocation
Event: 1475.757 Executing VM operation: GetFrameLocation done
Event: 1475.757 Executing VM operation: get/set locals
Event: 1475.757 Executing VM operation: get/set locals done
Event: 1475.758 Executing VM operation: GetFrameLocation
Event: 1475.758 Executing VM operation: GetFrameLocation done
Event: 1475.758 Executing VM operation: get/set locals
Event: 1475.758 Executing VM operation: get/set locals done
Event: 1529.058 Executing VM operation: RedefineClasses
Event: 1529.079 Executing VM operation: RedefineClasses done
Event: 1529.110 Executing VM operation: ChangeBreakpoints
Event: 1529.113 Executing VM operation: ChangeBreakpoints done
Event: 1533.915 Executing VM operation: GetFrameCount
Event: 1533.915 Executing VM operation: GetFrameCount done
Event: 1533.915 Executing VM operation: GetStackTrace
Event: 1533.915 Executing VM operation: GetStackTrace done
Event: 1533.918 Executing VM operation: GetFrameCount
Event: 1533.918 Executing VM operation: GetFrameCount done
Event: 1534.308 Executing VM operation: GetFrameLocation
Event: 1534.308 Executing VM operation: GetFrameLocation done


Dynamic libraries:
0x00007ff6f40b0000 - 0x00007ff6f40bd000 	C:\Users\miyak\.p2\pool\plugins\org.eclipse.justj.openjdk.hotspot.jre.full.win32.x86_64_15.0.1.v20201027-0507\jre\bin\javaw.exe
0x00007ffd8be30000 - 0x00007ffd8c025000 	C:\WINDOWS\SYSTEM32\ntdll.dll
0x00007ffd8a460000 - 0x00007ffd8a51e000 	C:\WINDOWS\System32\KERNEL32.DLL
0x00007ffd89810000 - 0x00007ffd89ad8000 	C:\WINDOWS\System32\KERNELBASE.dll
0x00007ffd89710000 - 0x00007ffd89810000 	C:\WINDOWS\System32\ucrtbase.dll
0x00007ffd7b720000 - 0x00007ffd7b738000 	C:\Users\miyak\.p2\pool\plugins\org.eclipse.justj.openjdk.hotspot.jre.full.win32.x86_64_15.0.1.v20201027-0507\jre\bin\jli.dll
0x00007ffd676c0000 - 0x00007ffd676d9000 	C:\Users\miyak\.p2\pool\plugins\org.eclipse.justj.openjdk.hotspot.jre.full.win32.x86_64_15.0.1.v20201027-0507\jre\bin\VCRUNTIME140.dll
0x00007ffd8a110000 - 0x00007ffd8a2b1000 	C:\WINDOWS\System32\USER32.dll
0x00007ffd89c90000 - 0x00007ffd89cb2000 	C:\WINDOWS\System32\win32u.dll
0x00007ffd8a890000 - 0x00007ffd8a8bb000 	C:\WINDOWS\System32\GDI32.dll
0x00007ffd73a70000 - 0x00007ffd73d0a000 	C:\WINDOWS\WinSxS\amd64_microsoft.windows.common-controls_6595b64144ccf1df_6.0.19041.1110_none_60b5254171f9507e\COMCTL32.dll
0x00007ffd89d70000 - 0x00007ffd89e7b000 	C:\WINDOWS\System32\gdi32full.dll
0x00007ffd8a7f0000 - 0x00007ffd8a88e000 	C:\WINDOWS\System32\msvcrt.dll
0x00007ffd89550000 - 0x00007ffd895ed000 	C:\WINDOWS\System32\msvcp_win.dll
0x00007ffd8a2c0000 - 0x00007ffd8a2f0000 	C:\WINDOWS\System32\IMM32.DLL
0x00007ffd7c770000 - 0x00007ffd7c77c000 	C:\Users\miyak\.p2\pool\plugins\org.eclipse.justj.openjdk.hotspot.jre.full.win32.x86_64_15.0.1.v20201027-0507\jre\bin\vcruntime140_1.dll
0x00007ffd56210000 - 0x00007ffd562a1000 	C:\Users\miyak\.p2\pool\plugins\org.eclipse.justj.openjdk.hotspot.jre.full.win32.x86_64_15.0.1.v20201027-0507\jre\bin\msvcp140.dll
0x00007ffd2de30000 - 0x00007ffd2e98e000 	C:\Users\miyak\.p2\pool\plugins\org.eclipse.justj.openjdk.hotspot.jre.full.win32.x86_64_15.0.1.v20201027-0507\jre\bin\server\jvm.dll
0x00007ffd8a990000 - 0x00007ffd8aa3c000 	C:\WINDOWS\System32\ADVAPI32.dll
0x00007ffd8bce0000 - 0x00007ffd8bd7b000 	C:\WINDOWS\System32\sechost.dll
0x00007ffd8ada0000 - 0x00007ffd8aeca000 	C:\WINDOWS\System32\RPCRT4.dll
0x00007ffd8a380000 - 0x00007ffd8a388000 	C:\WINDOWS\System32\PSAPI.DLL
0x00007ffd5cae0000 - 0x00007ffd5cb07000 	C:\WINDOWS\SYSTEM32\WINMM.dll
0x00007ffd824b0000 - 0x00007ffd824b9000 	C:\WINDOWS\SYSTEM32\WSOCK32.dll
0x00007ffd8a920000 - 0x00007ffd8a98b000 	C:\WINDOWS\System32\WS2_32.dll
0x00007ffd807f0000 - 0x00007ffd807fa000 	C:\WINDOWS\SYSTEM32\VERSION.dll
0x00007ffd88040000 - 0x00007ffd88052000 	C:\WINDOWS\SYSTEM32\kernel.appcore.dll
0x00007ffd7f5e0000 - 0x00007ffd7f5ea000 	C:\Users\miyak\.p2\pool\plugins\org.eclipse.justj.openjdk.hotspot.jre.full.win32.x86_64_15.0.1.v20201027-0507\jre\bin\jimage.dll
0x00007ffd87b90000 - 0x00007ffd87d74000 	C:\WINDOWS\SYSTEM32\DBGHELP.DLL
0x00007ffd7e4b0000 - 0x00007ffd7e4dc000 	C:\WINDOWS\SYSTEM32\dbgcore.DLL
0x00007ffd89680000 - 0x00007ffd89703000 	C:\WINDOWS\System32\bcryptPrimitives.dll
0x00007ffd5ce70000 - 0x00007ffd5cea9000 	C:\Users\miyak\.p2\pool\plugins\org.eclipse.justj.openjdk.hotspot.jre.full.win32.x86_64_15.0.1.v20201027-0507\jre\bin\jdwp.dll
0x00007ffd7e5e0000 - 0x00007ffd7e5ee000 	C:\Users\miyak\.p2\pool\plugins\org.eclipse.justj.openjdk.hotspot.jre.full.win32.x86_64_15.0.1.v20201027-0507\jre\bin\instrument.dll
0x00007ffd770f0000 - 0x00007ffd77115000 	C:\Users\miyak\.p2\pool\plugins\org.eclipse.justj.openjdk.hotspot.jre.full.win32.x86_64_15.0.1.v20201027-0507\jre\bin\java.dll
0x00007ffd6f940000 - 0x00007ffd6f958000 	C:\Users\miyak\.p2\pool\plugins\org.eclipse.justj.openjdk.hotspot.jre.full.win32.x86_64_15.0.1.v20201027-0507\jre\bin\zip.dll
0x00007ffd8b5a0000 - 0x00007ffd8bcdf000 	C:\WINDOWS\System32\SHELL32.dll
0x00007ffd87340000 - 0x00007ffd87ad0000 	C:\WINDOWS\SYSTEM32\windows.storage.dll
0x00007ffd8aa40000 - 0x00007ffd8ad95000 	C:\WINDOWS\System32\combase.dll
0x00007ffd88f30000 - 0x00007ffd88f5e000 	C:\WINDOWS\SYSTEM32\Wldp.dll
0x00007ffd8a390000 - 0x00007ffd8a43d000 	C:\WINDOWS\System32\SHCORE.dll
0x00007ffd8a8c0000 - 0x00007ffd8a915000 	C:\WINDOWS\System32\shlwapi.dll
0x00007ffd89490000 - 0x00007ffd894af000 	C:\WINDOWS\SYSTEM32\profapi.dll
0x00007ffd80f30000 - 0x00007ffd80f3b000 	C:\Users\miyak\.p2\pool\plugins\org.eclipse.justj.openjdk.hotspot.jre.full.win32.x86_64_15.0.1.v20201027-0507\jre\bin\dt_socket.dll
0x00007ffd88980000 - 0x00007ffd889bb000 	C:\WINDOWS\SYSTEM32\IPHLPAPI.DLL
0x00007ffd88c90000 - 0x00007ffd88cfa000 	C:\WINDOWS\system32\mswsock.dll
0x00007ffd889c0000 - 0x00007ffd88a8b000 	C:\WINDOWS\SYSTEM32\DNSAPI.dll
0x00007ffd8bd80000 - 0x00007ffd8bd88000 	C:\WINDOWS\System32\NSI.dll
0x00007ffd7e390000 - 0x00007ffd7e39a000 	C:\Windows\System32\rasadhlp.dll
0x00007ffd7b9f0000 - 0x00007ffd7ba6f000 	C:\WINDOWS\System32\fwpuclnt.dll
0x00007ffd895f0000 - 0x00007ffd89617000 	C:\WINDOWS\System32\bcrypt.dll
0x00007ffd6e890000 - 0x00007ffd6e8a9000 	C:\Users\miyak\.p2\pool\plugins\org.eclipse.justj.openjdk.hotspot.jre.full.win32.x86_64_15.0.1.v20201027-0507\jre\bin\net.dll
0x00007ffd82350000 - 0x00007ffd8245c000 	C:\WINDOWS\SYSTEM32\WINHTTP.dll
0x00007ffd676e0000 - 0x00007ffd676f2000 	C:\Users\miyak\.p2\pool\plugins\org.eclipse.justj.openjdk.hotspot.jre.full.win32.x86_64_15.0.1.v20201027-0507\jre\bin\nio.dll
0x00007ffd7e140000 - 0x00007ffd7e150000 	C:\Users\miyak\.p2\pool\plugins\org.eclipse.justj.openjdk.hotspot.jre.full.win32.x86_64_15.0.1.v20201027-0507\jre\bin\verify.dll
0x00007ffd4fa90000 - 0x00007ffd4fc0f000 	C:\Users\miyak\.p2\pool\plugins\org.eclipse.justj.openjdk.hotspot.jre.full.win32.x86_64_15.0.1.v20201027-0507\jre\bin\awt.dll
0x00007ffd8a720000 - 0x00007ffd8a7ed000 	C:\WINDOWS\System32\OLEAUT32.dll
0x00007ffd80500000 - 0x00007ffd80590000 	C:\WINDOWS\SYSTEM32\apphelp.dll
0x00007ffd83b40000 - 0x00007ffd83b6f000 	C:\WINDOWS\system32\DWMAPI.DLL
0x00007ffd838d0000 - 0x00007ffd8396e000 	C:\WINDOWS\system32\uxtheme.dll
0x00007ffd55ad0000 - 0x00007ffd55bf5000 	C:\WINDOWS\system32\opengl32.dll
0x00007ffd56bb0000 - 0x00007ffd56bdc000 	C:\WINDOWS\SYSTEM32\GLU32.dll
0x00007ffd8aed0000 - 0x00007ffd8afe5000 	C:\WINDOWS\System32\MSCTF.dll
0x00007ffd8a590000 - 0x00007ffd8a6ba000 	C:\WINDOWS\System32\ole32.dll
0x00007ffd77e80000 - 0x00007ffd77e8d000 	C:\Users\miyak\.p2\pool\plugins\org.eclipse.justj.openjdk.hotspot.jre.full.win32.x86_64_15.0.1.v20201027-0507\jre\bin\sunmscapi.dll
0x00007ffd89ae0000 - 0x00007ffd89c36000 	C:\WINDOWS\System32\CRYPT32.dll
0x00007ffd88fa0000 - 0x00007ffd88fc7000 	C:\WINDOWS\SYSTEM32\ncrypt.dll
0x00007ffd88f60000 - 0x00007ffd88f9b000 	C:\WINDOWS\SYSTEM32\NTASN1.dll
0x00007ffd88e80000 - 0x00007ffd88e98000 	C:\WINDOWS\SYSTEM32\CRYPTSP.dll
0x00007ffd88610000 - 0x00007ffd88644000 	C:\WINDOWS\system32\rsaenh.dll
0x00007ffd89450000 - 0x00007ffd8947e000 	C:\WINDOWS\SYSTEM32\USERENV.dll
0x00007ffd88ea0000 - 0x00007ffd88eac000 	C:\WINDOWS\SYSTEM32\CRYPTBASE.dll
0x00007ffd7df30000 - 0x00007ffd7df47000 	C:\WINDOWS\SYSTEM32\dhcpcsvc6.DLL
0x00007ffd7e6f0000 - 0x00007ffd7e70d000 	C:\WINDOWS\SYSTEM32\dhcpcsvc.DLL
0x00007ffd55a40000 - 0x00007ffd55ac5000 	C:\Users\miyak\.p2\pool\plugins\org.eclipse.justj.openjdk.hotspot.jre.full.win32.x86_64_15.0.1.v20201027-0507\jre\bin\freetype.dll
0x00007ffd54c40000 - 0x00007ffd54ce9000 	C:\Users\miyak\.p2\pool\plugins\org.eclipse.justj.openjdk.hotspot.jre.full.win32.x86_64_15.0.1.v20201027-0507\jre\bin\fontmanager.dll
0x00007ffd8b4f0000 - 0x00007ffd8b599000 	C:\WINDOWS\System32\clbcatq.dll
0x00007ffd83570000 - 0x00007ffd83724000 	C:\WINDOWS\SYSTEM32\WindowsCodecs.dll
0x00007ffd52800000 - 0x00007ffd5283e000 	C:\WINDOWS\system32\dataexchange.dll
0x00007ffd7edb0000 - 0x00007ffd7f014000 	C:\WINDOWS\system32\d3d11.dll
0x00007ffd7f730000 - 0x00007ffd7f915000 	C:\WINDOWS\system32\dcomp.dll
0x00007ffd87e20000 - 0x00007ffd87f14000 	C:\WINDOWS\system32\dxgi.dll
0x00007ffd7d1b0000 - 0x00007ffd7d3b1000 	C:\WINDOWS\system32\twinapi.appcore.dll
0x00007ffd66c00000 - 0x00007ffd66cf9000 	C:\WINDOWS\SYSTEM32\textinputframework.dll
0x00007ffd7fda0000 - 0x00007ffd800fe000 	C:\WINDOWS\System32\CoreUIComponents.dll
0x00007ffd80160000 - 0x00007ffd80252000 	C:\WINDOWS\System32\CoreMessaging.dll
0x00007ffd88240000 - 0x00007ffd88273000 	C:\WINDOWS\SYSTEM32\ntmarta.dll
0x00007ffd82950000 - 0x00007ffd82aa4000 	C:\WINDOWS\SYSTEM32\wintypes.dll
0x00007ffd6f380000 - 0x00007ffd6f3e6000 	C:\WINDOWS\system32\Oleacc.dll
0x00007ffd66a30000 - 0x00007ffd66a9a000 	C:\WINDOWS\system32\Ninput.dll

dbghelp: loaded successfully - version: 4.0.5 - missing functions: none
symbol engine: initialized successfully - sym options: 0x614 - pdb path: .;C:\Users\miyak\.p2\pool\plugins\org.eclipse.justj.openjdk.hotspot.jre.full.win32.x86_64_15.0.1.v20201027-0507\jre\bin;C:\WINDOWS\SYSTEM32;C:\WINDOWS\WinSxS\amd64_microsoft.windows.common-controls_6595b64144ccf1df_6.0.19041.1110_none_60b5254171f9507e;C:\Users\miyak\.p2\pool\plugins\org.eclipse.justj.openjdk.hotspot.jre.full.win32.x86_64_15.0.1.v20201027-0507\jre\bin\server

VM Arguments:
jvm_args: -XX:+ShowCodeDetailsInExceptionMessages -agentlib:jdwp=transport=dt_socket,suspend=y,address=localhost:51442 -javaagent:C:\Users\miyak\eclipse\java-2020-12\eclipse\configuration\org.eclipse.osgi\220\0\.cp\lib\javaagent-shaded.jar -Dfile.encoding=MS932 
java_command: democlient2.StartupUi
java_class_path (initial): C:\Users\miyak\eclipse-workspace\democlient2\bin\main;C:\Users\miyak\.gradle\caches\modules-2\files-2.1\org.apache.commons\commons-math3\3.6.1\e4ba98f1d4b3c80ec46392f25e094a6a2e58fcbf\commons-math3-3.6.1.jar;C:\Users\miyak\.gradle\caches\modules-2\files-2.1\javax.websocket\javax.websocket-api\1.1\13b8cb26dfb76ac8c28294b06b4b8419e22e9ea1\javax.websocket-api-1.1.jar;C:\Users\miyak\.gradle\caches\modules-2\files-2.1\org.projectlombok\lombok\1.18.20\18bcea7d5df4d49227b4a0743a536208ce4825bb\lombok-1.18.20.jar;C:\Users\miyak\.gradle\caches\modules-2\files-2.1\com.google.guava\guava\28.2-jre\8ec9ed76528425762174f0011ce8f74ad845b756\guava-28.2-jre.jar;C:\Users\miyak\.gradle\caches\modules-2\files-2.1\com.squareup.okhttp3\logging-interceptor\4.9.0\f9ce50fc73074fc4e7bde6e177e8bb4792045e\logging-interceptor-4.9.0.jar;C:\Users\miyak\.gradle\caches\modules-2\files-2.1\com.squareup.okhttp3\okhttp\4.9.0\8e17601d3bdc8cf57902c154de021931d2c27c1\okhttp-4.9.0.jar;C:\Users\miyak\.gradle\caches\modules-2\files-2.1\org.springframework.boot\spring-boot-starter-websocket\2.5.6\b427089543b8b22e97a7126eadb1c9cd7e619932\spring-boot-starter-websocket-2.5.6.jar;C:\Users\miyak\.gradle\caches\modules-2\files-2.1\org.springframework.boot\spring-boot-starter-web\2.5.6\46b479490170914f7477b96a21241183b181c24d\spring-boot-starter-web-2.5.6.jar;C:\Users\miyak\.gradle\caches\modules-2\files-2.1\org.springframework.boot\spring-boot-starter-json\2.5.6\6ef5a7087e18ed4f3736c8752440ecd489c36a4d\spring-boot-starter-json-2.5.6.jar;C:\Users\miyak\.gradle\caches\modules-2\files-2.1\org.webjars\webjars-locator-core\0.48\11f36ce080eb72348d93fd1fa441ec58cac6f69e\webjars-locator-core-0.48.jar;C:\Users\miyak\.gradle\caches\modules-2\files-2.1\com.fasterxml.jackson.datatype\jackson-datatype-jdk8\2.12.5\6b2f79547d217ad50dfc5b57af7444a3aa583b43\jackson-datatype-jdk8-2.12.5.jar;C:\Users\miyak\.gradle\caches\modules-2\files-2.1\com.fasterxml.jackson.datatype\jackson-datatype-jsr310\2.12.5\a0a
Launcher Type: SUN_STANDARD

[Global flags]
     intx CICompilerCount                          = 4                                         {product} {ergonomic}
     uint ConcGCThreads                            = 2                                         {product} {ergonomic}
     uint G1ConcRefinementThreads                  = 8                                         {product} {ergonomic}
   size_t G1HeapRegionSize                         = 1048576                                   {product} {ergonomic}
    uintx GCDrainStackTargetSize                   = 64                                        {product} {ergonomic}
   size_t InitialHeapSize                          = 127926272                                 {product} {ergonomic}
   size_t MarkStackSize                            = 4194304                                   {product} {ergonomic}
   size_t MaxHeapSize                              = 2040528896                                {product} {ergonomic}
   size_t MaxNewSize                               = 1223688192                                {product} {ergonomic}
   size_t MinHeapDeltaBytes                        = 1048576                                   {product} {ergonomic}
   size_t MinHeapSize                              = 8388608                                   {product} {ergonomic}
    uintx NonNMethodCodeHeapSize                   = 5839372                                {pd product} {ergonomic}
    uintx NonProfiledCodeHeapSize                  = 122909434                              {pd product} {ergonomic}
    uintx ProfiledCodeHeapSize                     = 122909434                              {pd product} {ergonomic}
    uintx ReservedCodeCacheSize                    = 251658240                              {pd product} {ergonomic}
     bool SegmentedCodeCache                       = true                                      {product} {ergonomic}
     bool ShowCodeDetailsInExceptionMessages       = true                                   {manageable} {command line}
   size_t SoftMaxHeapSize                          = 2040528896                             {manageable} {ergonomic}
     bool UseCompressedClassPointers               = true                                 {lp64_product} {ergonomic}
     bool UseCompressedOops                        = true                                 {lp64_product} {ergonomic}
     bool UseG1GC                                  = true                                      {product} {ergonomic}
     bool UseLargePagesIndividualAllocation        = false                                  {pd product} {ergonomic}

Logging:
Log output configuration:
 #0: stdout all=warning uptime,level,tags
 #1: stderr all=off uptime,level,tags

Environment Variables:
JAVA_HOME=C:\Program Files\Amazon Corretto\jdk11.0.3_7
PATH=C:\Users\miyak\.p2\pool\plugins\org.eclipse.justj.openjdk.hotspot.jre.full.win32.x86_64_15.0.1.v20201027-0507\jre\bin;C:/Users/miyak/.p2/pool/plugins/org.eclipse.justj.openjdk.hotspot.jre.full.win32.x86_64_15.0.1.v20201027-0507/jre/bin/server;C:/Users/miyak/.p2/pool/plugins/org.eclipse.justj.openjdk.hotspot.jre.full.win32.x86_64_15.0.1.v20201027-0507/jre/bin;C:\Program Files\Amazon Corretto\jdk11.0.3_7\bin;C:\Program Files (x86)\Common Files\Oracle\Java\javapath;C:\Program Files\Amazon Corretto\jdk1.8.0_275\bin;C:\WINDOWS\system32;C:\WINDOWS;C:\WINDOWS\System32\Wbem;C:\WINDOWS\System32\WindowsPowerShell\v1.0\;C:\WINDOWS\System32\OpenSSH\;C:\Program Files\Amazon Corretto\jdk11.0.3_7\bin;C:\Program Files\MySQL\MySQL Shell 8.0\bin\;C:\Users\miyak\AppData\Local\Microsoft\WindowsApps;C:\Program Files\CMake\bin;C:\Program Files\Amazon Corretto\jdk1.8.0_275\bin;C:\apache-ant-1.10.9\bin;C:\Users\miyak\AppData\Local\GitHubDesktop\bin;C:\Users\miyak\OneDrive\ƒfƒXƒNƒgƒbƒv;
USERNAME=miyak
OS=Windows_NT
PROCESSOR_IDENTIFIER=Intel64 Family 6 Model 126 Stepping 5, GenuineIntel



---------------  S Y S T E M  ---------------

OS:
 Windows 10 , 64 bit Build 19041 (10.0.19041.1348)
OS uptime: 7 days 20:59 hours

CPU: total 8 (initial active 8) (4 cores per cpu, 2 threads per core) family 6 model 126 stepping 5 microcode 0xa6, cmov, cx8, fxsr, mmx, sse, sse2, sse3, ssse3, sse4.1, sse4.2, popcnt, vzeroupper, avx, avx2, aes, clmul, erms, 3dnowpref, lzcnt, ht, tsc, tscinvbit, bmi1, bmi2, adx, avx512f, avx512dq, avx512cd, avx512bw, avx512vl, avx512_vpopcntdq, avx512_vpclmulqdq, avx512_vbmi, avx512_vbmi2, avx512_vaes, avx512_vnni, sha, fma, clflush, clflushopt

Memory: 4k page, system-wide physical 7778M (1683M free)
TotalPageFile size 14434M (AvailPageFile size 5943M)
current process WorkingSet (physical memory assigned to process): 279M, peak: 284M
current process commit charge ("private bytes"): 302M, peak: 306M

vm_info: OpenJDK 64-Bit Server VM (15.0.1+9-18) for windows-amd64 JRE (15.0.1+9-18), built on Sep 15 2020 14:39:31 by "mach5one" with unknown MS VC++:1925

END.
